[0m14:06:55.267940 [debug] [MainThread]: Sending event: {'category': 'dbt', 'action': 'invocation', 'label': 'start', 'context': [<snowplow_tracker.self_describing_json.SelfDescribingJson object at 0x0000024CF209B620>, <snowplow_tracker.self_describing_json.SelfDescribingJson object at 0x0000024CF42F3C50>, <snowplow_tracker.self_describing_json.SelfDescribingJson object at 0x0000024CF42F3890>]}


============================== 14:06:55.272972 | 2eb25998-a239-4165-92fc-398aa7dc5b32 ==============================
[0m14:06:55.272972 [info ] [MainThread]: Running with dbt=1.11.8
[0m14:06:55.273752 [debug] [MainThread]: running dbt with arguments {'static_parser': 'True', 'no_print': 'None', 'version_check': 'True', 'warn_error_options': 'WarnErrorOptionsV2(error=[], warn=[], silence=[])', 'target_path': 'None', 'printer_width': '80', 'write_json': 'True', 'empty': 'None', 'log_cache_events': 'False', 'introspect': 'True', 'cache_selected_only': 'False', 'fail_fast': 'False', 'debug': 'False', 'log_format': 'default', 'partial_parse': 'True', 'send_anonymous_usage_stats': 'True', 'quiet': 'False', 'warn_error': 'None', 'profiles_dir': 'C:\\Users\\stamo\\.dbt', 'use_colors': 'True', 'invocation_command': 'dbt init analytics', 'indirect_selection': 'eager', 'use_experimental_parser': 'False', 'log_path': 'logs'}
[0m14:06:55.349820 [info ] [MainThread]: Creating dbt configuration folder at C:\Users\stamo\.dbt
[0m14:06:55.353291 [debug] [MainThread]: Starter project path: C:\Users\stamo\itc6050-w1-lab\.venv\Lib\site-packages\dbt\include\starter_project
[0m14:06:55.394734 [info ] [MainThread]: 
Your new dbt project "analytics" was created!

For more information on how to configure the profiles.yml file,
please consult the dbt documentation here:

  https://docs.getdbt.com/docs/configure-your-profile

One more thing:

Need help? Don't hesitate to reach out to us via GitHub issues or on Slack:

  https://community.getdbt.com/

Happy modeling!

[0m14:06:55.395316 [info ] [MainThread]: Setting up your profile.
[0m14:15:34.426772 [info ] [MainThread]: Profile analytics written to C:\Users\stamo\.dbt\profiles.yml using target's profile_template.yml and your supplied values. Run 'dbt debug' to validate the connection.
[0m14:15:34.428673 [debug] [MainThread]: Command `dbt init` succeeded at 14:15:34.428372 after 519.34 seconds
[0m14:15:34.429272 [debug] [MainThread]: Sending event: {'category': 'dbt', 'action': 'invocation', 'label': 'end', 'context': [<snowplow_tracker.self_describing_json.SelfDescribingJson object at 0x0000024CF4347CE0>, <snowplow_tracker.self_describing_json.SelfDescribingJson object at 0x0000024CF43D2F90>, <snowplow_tracker.self_describing_json.SelfDescribingJson object at 0x0000024CF433A580>]}
[0m14:15:34.429984 [debug] [MainThread]: Flushing usage events
[0m14:15:35.481213 [debug] [MainThread]: An error was encountered while trying to flush usage events
